<?xml version="1.0" encoding="UTF-8"?>
<!-- Generated by org.testng.reporters.JUnitXMLReporter -->
<testsuite ignored="0" hostname="MSI" failures="0" tests="14" name="Test" time="170.224" errors="0" timestamp="2022-10-12T13:09:52 IST">
  <testcase classname="com.simplilearn.demo.FlipkartTestChrome" name="closeLogin" time="1.143"/>
  <testcase classname="com.simplilearn.demo.FlipkartTestChrome" name="scroll" time="6.117"/>
  <testcase classname="com.simplilearn.demo.FlipkartTestChrome" name="searchProduct" time="5.532"/>
  <testcase classname="com.simplilearn.demo.FlipkartTestChrome" name="loadImage" time="15.558"/>
  <testcase classname="com.simplilearn.demo.FlipkartTestChrome" name="scrollFrequency" time="2.093"/>
  <testcase classname="com.simplilearn.demo.FlipkartTestChrome" name="downloadImages" time="0.059"/>
  <testcase classname="com.simplilearn.demo.FlipkartTestChrome" name="screenResolution" time="7.667"/>
  <testcase classname="com.simplilearn.demo.FlipkartTestEdge" name="closeLogin" time="1.163"/>
  <testcase classname="com.simplilearn.demo.FlipkartTestEdge" name="scroll" time="6.108"/>
  <testcase classname="com.simplilearn.demo.FlipkartTestEdge" name="searchProduct" time="5.587"/>
  <testcase classname="com.simplilearn.demo.FlipkartTestEdge" name="loadImage" time="16.516"/>
  <testcase classname="com.simplilearn.demo.FlipkartTestEdge" name="scrollFrequency" time="2.074"/>
  <testcase classname="com.simplilearn.demo.FlipkartTestEdge" name="downloadImages" time="0.029"/>
  <testcase classname="com.simplilearn.demo.FlipkartTestEdge" name="screenResolution" time="7.639"/>
</testsuite> <!-- Test -->
