<?xml version="1.0" encoding="UTF-8"?>
<!-- Generated by org.testng.reporters.JUnitXMLReporter -->
<testsuite ignored="0" hostname="MSI" failures="0" tests="7" name="Default test" time="90.028" errors="0" timestamp="2022-10-12T13:04:15 IST">
  <testcase classname="com.simplilearn.demo.FlipkartTestEdge" name="closeLogin" time="1.189"/>
  <testcase classname="com.simplilearn.demo.FlipkartTestEdge" name="scroll" time="6.119"/>
  <testcase classname="com.simplilearn.demo.FlipkartTestEdge" name="searchProduct" time="5.509"/>
  <testcase classname="com.simplilearn.demo.FlipkartTestEdge" name="loadImage" time="12.364"/>
  <testcase classname="com.simplilearn.demo.FlipkartTestEdge" name="scrollFrequency" time="2.078"/>
  <testcase classname="com.simplilearn.demo.FlipkartTestEdge" name="downloadImages" time="0.027"/>
  <testcase classname="com.simplilearn.demo.FlipkartTestEdge" name="screenResolution" time="7.639"/>
</testsuite> <!-- Default test -->
