<?xml version="1.0" encoding="UTF-8"?>
<testng-results ignored="0" total="14" passed="14" failed="0" skipped="0">
  <reporter-output>
  </reporter-output>
  <suite started-at="2022-10-12T13:07:02 IST" name="Suite" finished-at="2022-10-12T13:09:52 IST" duration-ms="170224">
    <groups>
    </groups>
    <test started-at="2022-10-12T13:07:02 IST" name="Test" finished-at="2022-10-12T13:09:52 IST" duration-ms="170224">
      <class name="com.simplilearn.demo.FlipkartTestEdge">
        <test-method is-config="true" signature="beforeClass()[pri:0, instance:com.simplilearn.demo.FlipkartTestEdge@6e2829c7]" started-at="2022-10-12T13:08:26 IST" name="beforeClass" finished-at="2022-10-12T13:09:13 IST" duration-ms="46925" status="PASS">
          <reporter-output>
          </reporter-output>
        </test-method> <!-- beforeClass -->
        <test-method signature="closeLogin()[pri:1, instance:com.simplilearn.demo.FlipkartTestEdge@6e2829c7]" started-at="2022-10-12T13:09:13 IST" name="closeLogin" finished-at="2022-10-12T13:09:14 IST" duration-ms="1163" status="PASS">
          <reporter-output>
          </reporter-output>
        </test-method> <!-- closeLogin -->
        <test-method signature="scroll()[pri:2, instance:com.simplilearn.demo.FlipkartTestEdge@6e2829c7]" started-at="2022-10-12T13:09:14 IST" name="scroll" finished-at="2022-10-12T13:09:20 IST" duration-ms="6108" status="PASS">
          <reporter-output>
          </reporter-output>
        </test-method> <!-- scroll -->
        <test-method signature="searchProduct()[pri:3, instance:com.simplilearn.demo.FlipkartTestEdge@6e2829c7]" started-at="2022-10-12T13:09:20 IST" name="searchProduct" finished-at="2022-10-12T13:09:26 IST" duration-ms="5587" status="PASS">
          <reporter-output>
          </reporter-output>
        </test-method> <!-- searchProduct -->
        <test-method signature="loadImage()[pri:4, instance:com.simplilearn.demo.FlipkartTestEdge@6e2829c7]" started-at="2022-10-12T13:09:26 IST" name="loadImage" finished-at="2022-10-12T13:09:42 IST" duration-ms="16516" status="PASS">
          <reporter-output>
          </reporter-output>
        </test-method> <!-- loadImage -->
        <test-method signature="scrollFrequency()[pri:5, instance:com.simplilearn.demo.FlipkartTestEdge@6e2829c7]" started-at="2022-10-12T13:09:42 IST" name="scrollFrequency" finished-at="2022-10-12T13:09:44 IST" duration-ms="2074" status="PASS">
          <reporter-output>
          </reporter-output>
        </test-method> <!-- scrollFrequency -->
        <test-method signature="downloadImages()[pri:6, instance:com.simplilearn.demo.FlipkartTestEdge@6e2829c7]" started-at="2022-10-12T13:09:44 IST" name="downloadImages" finished-at="2022-10-12T13:09:44 IST" duration-ms="29" status="PASS">
          <reporter-output>
          </reporter-output>
        </test-method> <!-- downloadImages -->
        <test-method signature="screenResolution()[pri:7, instance:com.simplilearn.demo.FlipkartTestEdge@6e2829c7]" started-at="2022-10-12T13:09:44 IST" name="screenResolution" finished-at="2022-10-12T13:09:52 IST" duration-ms="7639" status="PASS">
          <reporter-output>
          </reporter-output>
        </test-method> <!-- screenResolution -->
        <test-method is-config="true" signature="afterClass()[pri:0, instance:com.simplilearn.demo.FlipkartTestEdge@6e2829c7]" started-at="2022-10-12T13:09:52 IST" name="afterClass" finished-at="2022-10-12T13:09:52 IST" duration-ms="0" status="PASS">
          <reporter-output>
          </reporter-output>
        </test-method> <!-- afterClass -->
      </class> <!-- com.simplilearn.demo.FlipkartTestEdge -->
      <class name="com.simplilearn.demo.FlipkartTestChrome">
        <test-method is-config="true" signature="beforeClass()[pri:0, instance:com.simplilearn.demo.FlipkartTestChrome@5fb759d6]" started-at="2022-10-12T13:07:02 IST" name="beforeClass" finished-at="2022-10-12T13:07:48 IST" duration-ms="45935" status="PASS">
          <reporter-output>
          </reporter-output>
        </test-method> <!-- beforeClass -->
        <test-method signature="closeLogin()[pri:1, instance:com.simplilearn.demo.FlipkartTestChrome@5fb759d6]" started-at="2022-10-12T13:07:48 IST" name="closeLogin" finished-at="2022-10-12T13:07:49 IST" duration-ms="1143" status="PASS">
          <reporter-output>
          </reporter-output>
        </test-method> <!-- closeLogin -->
        <test-method signature="scroll()[pri:2, instance:com.simplilearn.demo.FlipkartTestChrome@5fb759d6]" started-at="2022-10-12T13:07:49 IST" name="scroll" finished-at="2022-10-12T13:07:55 IST" duration-ms="6117" status="PASS">
          <reporter-output>
          </reporter-output>
        </test-method> <!-- scroll -->
        <test-method signature="searchProduct()[pri:3, instance:com.simplilearn.demo.FlipkartTestChrome@5fb759d6]" started-at="2022-10-12T13:07:55 IST" name="searchProduct" finished-at="2022-10-12T13:08:01 IST" duration-ms="5532" status="PASS">
          <reporter-output>
          </reporter-output>
        </test-method> <!-- searchProduct -->
        <test-method signature="loadImage()[pri:4, instance:com.simplilearn.demo.FlipkartTestChrome@5fb759d6]" started-at="2022-10-12T13:08:01 IST" name="loadImage" finished-at="2022-10-12T13:08:16 IST" duration-ms="15558" status="PASS">
          <reporter-output>
          </reporter-output>
        </test-method> <!-- loadImage -->
        <test-method signature="scrollFrequency()[pri:5, instance:com.simplilearn.demo.FlipkartTestChrome@5fb759d6]" started-at="2022-10-12T13:08:16 IST" name="scrollFrequency" finished-at="2022-10-12T13:08:18 IST" duration-ms="2093" status="PASS">
          <reporter-output>
          </reporter-output>
        </test-method> <!-- scrollFrequency -->
        <test-method signature="downloadImages()[pri:6, instance:com.simplilearn.demo.FlipkartTestChrome@5fb759d6]" started-at="2022-10-12T13:08:18 IST" name="downloadImages" finished-at="2022-10-12T13:08:18 IST" duration-ms="59" status="PASS">
          <reporter-output>
          </reporter-output>
        </test-method> <!-- downloadImages -->
        <test-method signature="screenResolution()[pri:7, instance:com.simplilearn.demo.FlipkartTestChrome@5fb759d6]" started-at="2022-10-12T13:08:18 IST" name="screenResolution" finished-at="2022-10-12T13:08:26 IST" duration-ms="7667" status="PASS">
          <reporter-output>
          </reporter-output>
        </test-method> <!-- screenResolution -->
        <test-method is-config="true" signature="afterClass()[pri:0, instance:com.simplilearn.demo.FlipkartTestChrome@5fb759d6]" started-at="2022-10-12T13:08:26 IST" name="afterClass" finished-at="2022-10-12T13:08:26 IST" duration-ms="0" status="PASS">
          <reporter-output>
          </reporter-output>
        </test-method> <!-- afterClass -->
      </class> <!-- com.simplilearn.demo.FlipkartTestChrome -->
    </test> <!-- Test -->
  </suite> <!-- Suite -->
</testng-results>
